2024/10/28 10:59:37 [notice] 1#1: using the "epoll" event method
2024/10/28 10:59:37 [notice] 1#1: nginx/1.21.3
2024/10/28 10:59:37 [notice] 1#1: built by gcc 10.3.1 20210424 (Alpine 10.3.1_git20210424) 
2024/10/28 10:59:37 [notice] 1#1: OS: Linux 5.15.0-124-generic
2024/10/28 10:59:37 [notice] 1#1: getrlimit(RLIMIT_NOFILE): 1048576:1048576
2024/10/28 10:59:37 [notice] 1#1: start worker processes
2024/10/28 10:59:37 [notice] 1#1: start worker process 32
2024/10/28 10:59:37 [notice] 1#1: start worker process 33
2024/10/28 10:59:37 [notice] 1#1: start worker process 34
2024/10/28 10:59:37 [notice] 1#1: start worker process 35
2024/10/28 10:59:37 [notice] 1#1: start worker process 36
2024/10/28 10:59:37 [notice] 1#1: start worker process 37
2024/10/28 10:59:37 [notice] 1#1: start worker process 38
2024/10/28 10:59:37 [notice] 1#1: start worker process 39
2024/10/28 12:23:57 [notice] 1#1: signal 3 (SIGQUIT) received, shutting down
2024/10/28 12:23:57 [notice] 32#32: gracefully shutting down
2024/10/28 12:23:57 [notice] 35#35: gracefully shutting down
2024/10/28 12:23:57 [notice] 36#36: gracefully shutting down
2024/10/28 12:23:57 [notice] 33#33: gracefully shutting down
2024/10/28 12:23:57 [notice] 38#38: gracefully shutting down
2024/10/28 12:23:57 [notice] 36#36: exiting
2024/10/28 12:23:57 [notice] 35#35: exiting
2024/10/28 12:23:57 [notice] 32#32: exiting
2024/10/28 12:23:57 [notice] 36#36: exit
2024/10/28 12:23:57 [notice] 35#35: exit
2024/10/28 12:23:57 [notice] 32#32: exit
2024/10/28 12:23:57 [notice] 38#38: exiting
2024/10/28 12:23:57 [notice] 33#33: exiting
2024/10/28 12:23:57 [notice] 38#38: exit
2024/10/28 12:23:57 [notice] 39#39: gracefully shutting down
2024/10/28 12:23:57 [notice] 33#33: exit
2024/10/28 12:23:57 [notice] 37#37: gracefully shutting down
2024/10/28 12:23:57 [notice] 34#34: gracefully shutting down
2024/10/28 12:23:57 [notice] 37#37: exiting
2024/10/28 12:23:57 [notice] 37#37: exit
2024/10/28 12:23:57 [notice] 39#39: exiting
2024/10/28 12:23:57 [notice] 39#39: exit
2024/10/28 12:23:57 [notice] 34#34: exiting
2024/10/28 12:23:57 [notice] 34#34: exit
2024/10/28 12:23:57 [notice] 1#1: signal 17 (SIGCHLD) received from 34
2024/10/28 12:23:57 [notice] 1#1: worker process 34 exited with code 0
2024/10/28 12:23:57 [notice] 1#1: signal 29 (SIGIO) received
2024/10/28 12:23:57 [notice] 1#1: signal 17 (SIGCHLD) received from 37
2024/10/28 12:23:57 [notice] 1#1: worker process 32 exited with code 0
2024/10/28 12:23:57 [notice] 1#1: worker process 37 exited with code 0
2024/10/28 12:23:57 [notice] 1#1: worker process 35 exited with code 0
2024/10/28 12:23:57 [notice] 1#1: signal 29 (SIGIO) received
2024/10/28 12:23:57 [notice] 1#1: signal 17 (SIGCHLD) received from 35
2024/10/28 12:23:57 [notice] 1#1: worker process 33 exited with code 0
2024/10/28 12:23:57 [notice] 1#1: signal 29 (SIGIO) received
2024/10/28 12:23:57 [notice] 1#1: signal 17 (SIGCHLD) received from 38
2024/10/28 12:23:57 [notice] 1#1: worker process 38 exited with code 0
2024/10/28 12:23:57 [notice] 1#1: signal 29 (SIGIO) received
2024/10/28 12:23:57 [notice] 1#1: signal 17 (SIGCHLD) received from 36
2024/10/28 12:23:57 [notice] 1#1: worker process 36 exited with code 0
2024/10/28 12:23:57 [notice] 1#1: worker process 39 exited with code 0
2024/10/28 12:23:57 [notice] 1#1: exit
2024/11/08 06:32:42 [notice] 1#1: using the "epoll" event method
2024/11/08 06:32:42 [notice] 1#1: nginx/1.21.3
2024/11/08 06:32:42 [notice] 1#1: built by gcc 10.3.1 20210424 (Alpine 10.3.1_git20210424) 
2024/11/08 06:32:42 [notice] 1#1: OS: Linux 5.15.0-124-generic
2024/11/08 06:32:42 [notice] 1#1: getrlimit(RLIMIT_NOFILE): 1048576:1048576
2024/11/08 06:32:42 [notice] 1#1: start worker processes
2024/11/08 06:32:42 [notice] 1#1: start worker process 24
2024/11/08 06:32:42 [notice] 1#1: start worker process 25
2024/11/08 06:32:42 [notice] 1#1: start worker process 26
2024/11/08 06:32:42 [notice] 1#1: start worker process 27
2024/11/08 06:32:42 [notice] 1#1: start worker process 28
2024/11/08 06:32:42 [notice] 1#1: start worker process 29
2024/11/08 06:32:42 [notice] 1#1: start worker process 30
2024/11/08 06:32:42 [notice] 1#1: start worker process 31
2024/11/08 10:12:30 [notice] 1#1: signal 3 (SIGQUIT) received, shutting down
2024/11/08 10:12:30 [notice] 24#24: gracefully shutting down
2024/11/08 10:12:30 [notice] 25#25: gracefully shutting down
2024/11/08 10:12:30 [notice] 29#29: gracefully shutting down
2024/11/08 10:12:30 [notice] 31#31: gracefully shutting down
2024/11/08 10:12:30 [notice] 29#29: exiting
2024/11/08 10:12:30 [notice] 27#27: gracefully shutting down
2024/11/08 10:12:30 [notice] 30#30: gracefully shutting down
2024/11/08 10:12:30 [notice] 26#26: gracefully shutting down
2024/11/08 10:12:30 [notice] 29#29: exit
2024/11/08 10:12:30 [notice] 28#28: gracefully shutting down
2024/11/08 10:12:30 [notice] 27#27: exiting
2024/11/08 10:12:30 [notice] 27#27: exit
2024/11/08 10:12:30 [notice] 26#26: exiting
2024/11/08 10:12:30 [notice] 24#24: exiting
2024/11/08 10:12:30 [notice] 30#30: exiting
2024/11/08 10:12:30 [notice] 24#24: exit
2024/11/08 10:12:30 [notice] 26#26: exit
2024/11/08 10:12:30 [notice] 31#31: exiting
2024/11/08 10:12:30 [notice] 30#30: exit
2024/11/08 10:12:30 [notice] 31#31: exit
2024/11/08 10:12:30 [notice] 28#28: exiting
2024/11/08 10:12:30 [notice] 28#28: exit
2024/11/08 10:12:30 [notice] 25#25: exiting
2024/11/08 10:12:30 [notice] 25#25: exit
2024/11/08 10:12:30 [notice] 1#1: signal 17 (SIGCHLD) received from 31
2024/11/08 10:12:30 [notice] 1#1: worker process 28 exited with code 0
2024/11/08 10:12:30 [notice] 1#1: worker process 30 exited with code 0
2024/11/08 10:12:30 [notice] 1#1: worker process 31 exited with code 0
2024/11/08 10:12:30 [notice] 1#1: signal 29 (SIGIO) received
2024/11/08 10:12:30 [notice] 1#1: signal 17 (SIGCHLD) received from 27
2024/11/08 10:12:30 [notice] 1#1: worker process 24 exited with code 0
2024/11/08 10:12:30 [notice] 1#1: worker process 26 exited with code 0
2024/11/08 10:12:30 [notice] 1#1: worker process 27 exited with code 0
2024/11/08 10:12:30 [notice] 1#1: worker process 29 exited with code 0
2024/11/08 10:12:30 [notice] 1#1: signal 29 (SIGIO) received
2024/11/08 10:12:30 [notice] 1#1: signal 17 (SIGCHLD) received from 25
2024/11/08 10:12:30 [notice] 1#1: worker process 25 exited with code 0
2024/11/08 10:12:30 [notice] 1#1: exit
2024/11/08 11:56:08 [notice] 1#1: using the "epoll" event method
2024/11/08 11:56:08 [notice] 1#1: nginx/1.21.3
2024/11/08 11:56:08 [notice] 1#1: built by gcc 10.3.1 20210424 (Alpine 10.3.1_git20210424) 
2024/11/08 11:56:08 [notice] 1#1: OS: Linux 5.15.0-124-generic
2024/11/08 11:56:08 [notice] 1#1: getrlimit(RLIMIT_NOFILE): 1048576:1048576
2024/11/08 11:56:08 [notice] 1#1: start worker processes
2024/11/08 11:56:08 [notice] 1#1: start worker process 24
2024/11/08 11:56:08 [notice] 1#1: start worker process 25
2024/11/08 11:56:08 [notice] 1#1: start worker process 26
2024/11/08 11:56:08 [notice] 1#1: start worker process 27
2024/11/08 11:56:08 [notice] 1#1: start worker process 28
2024/11/08 11:56:08 [notice] 1#1: start worker process 29
2024/11/08 11:56:08 [notice] 1#1: start worker process 30
2024/11/08 11:56:08 [notice] 1#1: start worker process 31
2024/11/08 17:59:22 [notice] 1#1: signal 3 (SIGQUIT) received, shutting down
2024/11/08 17:59:22 [notice] 30#30: gracefully shutting down
2024/11/08 17:59:22 [notice] 25#25: gracefully shutting down
2024/11/08 17:59:22 [notice] 30#30: exiting
2024/11/08 17:59:22 [notice] 26#26: gracefully shutting down
2024/11/08 17:59:22 [notice] 26#26: exiting
2024/11/08 17:59:22 [notice] 31#31: gracefully shutting down
2024/11/08 17:59:22 [notice] 25#25: exiting
2024/11/08 17:59:22 [notice] 31#31: exiting
2024/11/08 17:59:22 [notice] 24#24: gracefully shutting down
2024/11/08 17:59:22 [notice] 24#24: exiting
2024/11/08 17:59:22 [notice] 27#27: gracefully shutting down
2024/11/08 17:59:22 [notice] 27#27: exiting
2024/11/08 17:59:22 [notice] 28#28: gracefully shutting down
2024/11/08 17:59:22 [notice] 28#28: exiting
2024/11/08 17:59:22 [notice] 29#29: gracefully shutting down
2024/11/08 17:59:22 [notice] 29#29: exiting
2024/11/08 17:59:22 [notice] 28#28: exit
2024/11/08 17:59:22 [notice] 30#30: exit
2024/11/08 17:59:22 [notice] 26#26: exit
2024/11/08 17:59:22 [notice] 24#24: exit
2024/11/08 17:59:22 [notice] 25#25: exit
2024/11/08 17:59:22 [notice] 29#29: exit
2024/11/08 17:59:22 [notice] 27#27: exit
2024/11/08 17:59:22 [notice] 31#31: exit
2024/11/08 17:59:22 [notice] 1#1: signal 17 (SIGCHLD) received from 30
2024/11/08 17:59:22 [notice] 1#1: worker process 24 exited with code 0
2024/11/08 17:59:22 [notice] 1#1: worker process 30 exited with code 0
2024/11/08 17:59:22 [notice] 1#1: signal 29 (SIGIO) received
2024/11/08 17:59:22 [notice] 1#1: signal 17 (SIGCHLD) received from 24
2024/11/08 17:59:22 [notice] 1#1: signal 17 (SIGCHLD) received from 26
2024/11/08 17:59:22 [notice] 1#1: worker process 26 exited with code 0
2024/11/08 17:59:22 [notice] 1#1: signal 17 (SIGCHLD) received from 29
2024/11/08 17:59:22 [notice] 1#1: worker process 29 exited with code 0
2024/11/08 17:59:22 [notice] 1#1: signal 29 (SIGIO) received
2024/11/08 17:59:22 [notice] 1#1: signal 29 (SIGIO) received
2024/11/08 17:59:22 [notice] 1#1: signal 17 (SIGCHLD) received from 31
2024/11/08 17:59:22 [notice] 1#1: worker process 25 exited with code 0
2024/11/08 17:59:22 [notice] 1#1: worker process 27 exited with code 0
2024/11/08 17:59:22 [notice] 1#1: worker process 31 exited with code 0
2024/11/08 17:59:22 [notice] 1#1: signal 17 (SIGCHLD) received from 27
2024/11/08 17:59:22 [notice] 1#1: worker process 28 exited with code 0
2024/11/08 17:59:22 [notice] 1#1: exit
2024/11/09 00:09:42 [notice] 1#1: using the "epoll" event method
2024/11/09 00:09:42 [notice] 1#1: nginx/1.21.3
2024/11/09 00:09:42 [notice] 1#1: built by gcc 10.3.1 20210424 (Alpine 10.3.1_git20210424) 
2024/11/09 00:09:42 [notice] 1#1: OS: Linux 5.15.0-124-generic
2024/11/09 00:09:42 [notice] 1#1: getrlimit(RLIMIT_NOFILE): 1048576:1048576
2024/11/09 00:09:42 [notice] 1#1: start worker processes
2024/11/09 00:09:42 [notice] 1#1: start worker process 24
2024/11/09 00:09:42 [notice] 1#1: start worker process 25
2024/11/09 00:09:42 [notice] 1#1: start worker process 26
2024/11/09 00:09:42 [notice] 1#1: start worker process 27
2024/11/09 00:09:42 [notice] 1#1: start worker process 28
2024/11/09 00:09:42 [notice] 1#1: start worker process 29
2024/11/09 00:09:42 [notice] 1#1: start worker process 30
2024/11/09 00:09:42 [notice] 1#1: start worker process 31
2024/11/09 00:44:02 [warn] 24#24: *30 an upstream response is buffered to a temporary file /var/cache/nginx/fastcgi_temp/1/00/0000000001 while reading upstream, client: 172.23.0.1, server: _, request: "GET /api/product/list HTTP/1.1", upstream: "fastcgi://172.23.0.3:9000", host: "localhost:9090"
2024/11/09 00:53:36 [warn] 25#25: *45 an upstream response is buffered to a temporary file /var/cache/nginx/fastcgi_temp/2/00/0000000002 while reading upstream, client: 172.23.0.1, server: _, request: "GET /api/product/list?category_id=1 HTTP/1.1", upstream: "fastcgi://172.23.0.3:9000", host: "localhost:9090"
2024/11/09 01:02:48 [warn] 24#24: *52 an upstream response is buffered to a temporary file /var/cache/nginx/fastcgi_temp/3/00/0000000003 while reading upstream, client: 172.23.0.1, server: _, request: "GET /api/product/list HTTP/1.1", upstream: "fastcgi://172.23.0.3:9000", host: "localhost:9090"
